0 info it worked if it ends with ok
1 verbose cli [ 'C:\\Program Files\\nodejs\\node.exe',
1 verbose cli   'C:\\Program Files\\nodejs\\node_modules\\npm\\bin\\npm-cli.js',
1 verbose cli   'run',
1 verbose cli   'server-dev' ]
2 info using npm@3.10.10
3 info using node@v6.10.3
4 verbose run-script [ 'preserver-dev', 'server-dev', 'postserver-dev' ]
5 info lifecycle trektracker@1.0.0~preserver-dev: trektracker@1.0.0
6 silly lifecycle trektracker@1.0.0~preserver-dev: no script for preserver-dev, continuing
7 info lifecycle trektracker@1.0.0~server-dev: trektracker@1.0.0
8 verbose lifecycle trektracker@1.0.0~server-dev: unsafe-perm in lifecycle true
9 verbose lifecycle trektracker@1.0.0~server-dev: PATH: C:\Program Files\nodejs\node_modules\npm\bin\node-gyp-bin;C:\Users\davis\OneDrive\Documents\GitHub\TrekTracker\node_modules\.bin;C:\Users\davis\AppData\Local\GitHub\PortableGit_f02737a78695063deace08e96d5042710d3e32db\cmd;C:\Users\davis\AppData\Local\GitHub\PortableGit_f02737a78695063deace08e96d5042710d3e32db\usr\bin;C:\Users\davis\AppData\Local\GitHub\PortableGit_f02737a78695063deace08e96d5042710d3e32db\usr\share\git-tfs;C:\Users\davis\AppData\Local\Apps\2.0\8NQRNCY8.PNL\8K4JDGN7.GTP\gith..tion_317444273a93ac29_0003.0003_5794af8169eeff14;C:\Users\davis\AppData\Local\GitHub\lfs-amd64_1.5.5;C:\Users\davis\AppData\Local\Apps\2.0\8NQRNCY8.PNL\8K4JDGN7.GTP\gith..tion_317444273a93ac29_0003.0003_5794af8169eeff14\NativeBinaries\x86;C:\ProgramData\Oracle\Java\javapath;C:\Program Files (x86)\Intel\iCLS Client\;C:\Program Files\Intel\iCLS Client\;C:\Windows\system32;C:\Windows;C:\Windows\System32\Wbem;C:\Windows\System32\WindowsPowerShell\v1.0\;C:\Program Files (x86)\Intel\Intel(R) Management Engine Components\DAL;C:\Program Files\Intel\Intel(R) Management Engine Components\DAL;C:\Program Files (x86)\Intel\Intel(R) Management Engine Components\IPT;C:\Program Files\Intel\Intel(R) Management Engine Components\IPT;C:\Program Files (x86)\NVIDIA Corporation\PhysX\Common;C:\WINDOWS\system32;C:\WINDOWS;C:\WINDOWS\System32\Wbem;C:\WINDOWS\System32\WindowsPowerShell\v1.0\;C:\Program Files (x86)\OpenVPN\bin;C:\Program Files\Intel\WiFi\bin\;C:\Program Files\Common Files\Intel\WirelessCommon\;C:\Program Files (x86)\Brackets\command;C:\Program Files\nodejs\;C:\Users\davis\AppData\Local\Microsoft\WindowsApps;C:\Users\davis\AppData\Local\atom\bin;C:\Users\davis\AppData\Roaming\npm;;C:\Program Files (x86)\Microsoft VS Code\bin;C:\Windows\Microsoft.NET\Framework\v4.0.30319\
10 verbose lifecycle trektracker@1.0.0~server-dev: CWD: C:\Users\davis\OneDrive\Documents\GitHub\TrekTracker
11 silly lifecycle trektracker@1.0.0~server-dev: Args: [ '/d /s /c', 'nodemon server/index.js' ]
12 verbose stack Error: kill ENOSYS
12 verbose stack     at exports._errnoException (util.js:1018:11)
12 verbose stack     at process.kill (internal/process.js:190:13)
12 verbose stack     at process.listener (C:\Program Files\nodejs\node_modules\npm\node_modules\npmlog\node_modules\gauge\node_modules\signal-exit\index.js:86:15)
12 verbose stack     at emitNone (events.js:91:20)
12 verbose stack     at process.emit (events.js:185:7)
12 verbose stack     at processEmit (C:\Program Files\nodejs\node_modules\npm\node_modules\npmlog\node_modules\gauge\node_modules\signal-exit\index.js:146:32)
12 verbose stack     at processEmit (C:\Program Files\nodejs\node_modules\npm\node_modules\npm-registry-client\node_modules\npmlog\node_modules\gauge\node_modules\signal-exit\index.js:146:32)
12 verbose stack     at Signal.wrap.onsignal (internal/process.js:217:44)
13 verbose cwd C:\Users\davis\OneDrive\Documents\GitHub\TrekTracker
14 error Windows_NT 10.0.15063
15 error argv "C:\\Program Files\\nodejs\\node.exe" "C:\\Program Files\\nodejs\\node_modules\\npm\\bin\\npm-cli.js" "run" "server-dev"
16 error node v6.10.3
17 error npm  v3.10.10
18 error code ENOSYS
19 error errno ENOSYS
20 error syscall kill
21 error kill ENOSYS
22 error If you need help, you may report this error at:
22 error     <https://github.com/npm/npm/issues>
23 verbose exit [ 1, true ]
